Arguments: 
  C:\Program Files\nodejs\node.exe c:\Users\user\AppData\Roaming\npm\node_modules\yarn\bin\yarn.js install

PATH: 
  C:\Program Files\Git\mingw64\bin;C:\Program Files\Git\usr\bin;C:\Users\user\bin;C:\Program Files (x86)\Common Files\Oracle\Java\javapath;C:\Windows\system32;C:\Windows;C:\Windows\System32\Wbem;C:\Windows\System32\WindowsPowerShell\v1.0;C:\Program Files\Git\cmd;C:\Program Files\Dart\dart-sdk\bin;C:\Program Files\nodejs;C:\xampp\php;C:\Program Files\MongoDB\Server\4.2\bin;C:\Users\user\AppData\Roaming\npm;C:\Program Files\MySQL\MySQL Shell 8.0\bin;C:\Users\user\AppData\Local\Programs\Microsoft VS Code\bin;C:\Users\user\flutter\bin;C:\Users\user\AppData\Roaming\Composer\vendor\bin;C:\Users\user\AppData\Roaming\npm\node_modules\nodemon\bin;C:\Users\user\AppData\Roaming\npm

Yarn version: 
  1.22.4

Node version: 
  10.16.3

Platform: 
  win32 x64

Trace: 
  Error: getaddrinfo ENOTFOUND registry.yarnpkg.com registry.yarnpkg.com:443
      at GetAddrInfoReqWrap.onlookup [as oncomplete] (dns.js:56:26)

npm manifest: 
  {
    "name": "covidtrace",
    "version": "1.0.0",
    "description": "",
    "main": "index.js",
    "scripts": {
      "test": "echo \"Error: no test specified\" && exit 1",
      "start": "nodemon index.js"
  
    },
    "keywords": [],
    "author": "",
    "license": "ISC",
    "dependencies": {
      "cors": "^2.8.5",
      "express": "^4.17.1",
      "firebase": "^7.14.2",
      "firebase-functions": "3.6.1"
    }
  }

yarn manifest: 
  No manifest

Lockfile: 
  No lockfile
